Flutter crash report.
Please report a bug at https://github.com/flutter/flutter/issues.

## command

flutter --no-color run --machine --track-widget-creation --device-id=bc628f3d --start-paused --dart-define=flutter.inspector.structuredErrors=true --devtools-server-address=http://127.0.0.1:9100 lib/main.dart

## exception

NoSuchMethodError: NoSuchMethodError: The method 'containsKey' was called on null.
Receiver: null
Tried calling: containsKey("default_package")

```
#0      Object.noSuchMethod (dart:core-patch/object_patch.dart:54:5)
#1      Plugin._providesImplementationForPlatform (package:flutter_tools/src/plugins.dart:302:49)
#2      new Plugin._fromMultiPlatformYaml (package:flutter_tools/src/plugins.dart:130:9)
#3      new Plugin.fromYaml (package:flutter_tools/src/plugins.dart:85:21)
#4      _pluginFromPackage (package:flutter_tools/src/plugins.dart:341:17)
#5      findPlugins (package:flutter_tools/src/plugins.dart:363:27)
<asynchronous suspension>
#6      refreshPluginsList (package:flutter_tools/src/plugins.dart:1166:32)
<asynchronous suspension>
#7      FlutterProject.ensureReadyForPlatformSpecificTooling (package:flutter_tools/src/project.dart:300:5)
<asynchronous suspension>
#8      FlutterCommand.verifyThenRunCommand (package:flutter_tools/src/runner/flutter_command.dart:1175:7)
<asynchronous suspension>
#9      FlutterCommand.run.<anonymous closure> (package:flutter_tools/src/runner/flutter_command.dart:1043:27)
<asynchronous suspension>
#10     AppContext.run.<anonymous closure> (package:flutter_tools/src/base/context.dart:150:19)
<asynchronous suspension>
#11     CommandRunner.runCommand (package:args/command_runner.dart:196:13)
<asynchronous suspension>
#12     FlutterCommandRunner.runCommand.<anonymous closure> (package:flutter_tools/src/runner/flutter_command_runner.dart:284:9)
<asynchronous suspension>
#13     AppContext.run.<anonymous closure> (package:flutter_tools/src/base/context.dart:150:19)
<asynchronous suspension>
#14     FlutterCommandRunner.runCommand (package:flutter_tools/src/runner/flutter_command_runner.dart:232:5)
<asynchronous suspension>
#15     run.<anonymous closure>.<anonymous closure> (package:flutter_tools/runner.dart:62:9)
<asynchronous suspension>
#16     AppContext.run.<anonymous closure> (package:flutter_tools/src/base/context.dart:150:19)
<asynchronous suspension>
#17     main (package:flutter_tools/executable.dart:91:3)
<asynchronous suspension>
```

## flutter doctor

```
[✓] Flutter (Channel stable, 2.2.3, on Mac OS X 10.15.7 19H1217 darwin-x64, locale en-IN)
    • Flutter version 2.2.3 at /Users/apple/Developer/flutter
    • Framework revision f4abaa0735 (4 weeks ago), 2021-07-01 12:46:11 -0700
    • Engine revision 241c87ad80
    • Dart version 2.13.4

[!] Android toolchain - develop for Android devices (Android SDK version 30.0.3)
    • Android SDK at /Users/apple/Library/Android/sdk
    • Platform android-30, build-tools 30.0.3
    • ANDROID_HOME = /Users/apple/Library/Android/sdk
    • Java binary at: /Applications/Android Studio.app/Contents/jre/jdk/Contents/Home/bin/java
    • Java version OpenJDK Runtime Environment (build 11.0.8+10-b944.6916264)
    ! Some Android licenses not accepted.  To resolve this, run: flutter doctor --android-licenses

[✗] Xcode - develop for iOS and macOS
    ✗ Xcode installation is incomplete; a full installation is necessary for iOS development.
      Download at: https://developer.apple.com/xcode/download/
      Or install Xcode via the App Store.
      Once installed, run:
        sudo xcode-select --switch /Applications/Xcode.app/Contents/Developer
        sudo xcodebuild -runFirstLaunch
    ✗ CocoaPods not installed.
        CocoaPods is used to retrieve the iOS and macOS platform side's plugin code that responds to your plugin usage on the Dart side.
        Without CocoaPods, plugins will not work on iOS or macOS.
        For more info, see https://flutter.dev/platform-plugins
      To install see https://guides.cocoapods.org/using/getting-started.html#installation for instructions.

[✓] Chrome - develop for the web
    • Chrome at /Applications/Google Chrome.app/Contents/MacOS/Google Chrome

[✓] Android Studio (version 4.2)
    • Android Studio at /Applications/Android Studio.app/Contents
    • Flutter plugin can be installed from:
      🔨 https://plugins.jetbrains.com/plugin/9212-flutter
    • Dart plugin can be installed from:
      🔨 https://plugins.jetbrains.com/plugin/6351-dart
    • Java version OpenJDK Runtime Environment (build 11.0.8+10-b944.6916264)

[✓] VS Code (version 1.58.2)
    • VS Code at /Applications/Visual Studio Code.app/Contents
    • Flutter extension version 3.24.0

[✓] Connected device (2 available)
    • CPH1931 (mobile) • bc628f3d • android-arm64  • Android 10 (API 29)
    • Chrome (web)     • chrome   • web-javascript • Google Chrome 91.0.4472.164

! Doctor found issues in 2 categories.
```
